<?xml version="1.0" encoding="UTF-8"?>
<!-- Generated by org.testng.reporters.JUnitReportReporter -->
<testsuite hostname="LAPTOP-SFAGG2OU" failures="0" tests="1" name="Edit.SauceDemo.Asignacion5" time="4.175" errors="0" timestamp="2023-01-13T19:38:05 ART" skipped="0">
  <testcase classname="Edit.SauceDemo.Asignacion5" name="completarCompra" time="4.175"/>
  <system-out/>
</testsuite> <!-- Edit.SauceDemo.Asignacion5 -->
