<?xml version="1.0" encoding="UTF-8"?>
<!-- Generated by org.testng.reporters.JUnitReportReporter -->
<testsuite hostname="LAPTOP-SFAGG2OU" failures="0" tests="1" name="Edit.SauceDemo.Asignacion2" time="5.117" errors="0" timestamp="2023-01-13T19:38:05 ART" skipped="0">
  <testcase classname="Edit.SauceDemo.Asignacion2" name="HacerLogin" time="5.117"/>
  <system-out/>
</testsuite> <!-- Edit.SauceDemo.Asignacion2 -->
