<?xml version="1.0" encoding="UTF-8"?>
<!-- Generated by org.testng.reporters.JUnitReportReporter -->
<testsuite hostname="LAPTOP-SFAGG2OU" failures="0" tests="6" name="Edit.SauceDemo.login" time="26.140" errors="0" timestamp="2023-01-16T18:40:34 ART" skipped="0">
  <testcase classname="Edit.SauceDemo.login" name="loginordenCompleta" time="5.387"/>
  <system-out/>
  <testcase classname="Edit.SauceDemo.login" name="loginordenCompleta" time="2.662"/>
  <system-out/>
  <testcase classname="Edit.SauceDemo.login" name="loginordenCompleta" time="2.636"/>
  <system-out/>
  <testcase classname="Edit.SauceDemo.login" name="loginordenCompleta" time="3.377"/>
  <system-out/>
  <testcase classname="Edit.SauceDemo.login" name="loginordenCompleta" time="2.755"/>
  <system-out/>
  <testcase classname="Edit.SauceDemo.login" name="loginordenCompleta" time="9.323"/>
  <system-out/>
</testsuite> <!-- Edit.SauceDemo.login -->
