<?xml version="1.0" encoding="UTF-8"?>
<!-- Generated by org.testng.reporters.JUnitReportReporter -->
<testsuite hostname="LAPTOP-SFAGG2OU" failures="0" tests="6" name="Edit.SauceDemo.Asignacion6" time="29.461" errors="0" timestamp="2023-01-16T18:13:38 ART" skipped="0">
  <testcase classname="Edit.SauceDemo.Asignacion6" name="loginordenCompleta" time="11.158"/>
  <system-out/>
  <testcase classname="Edit.SauceDemo.Asignacion6" name="loginordenCompleta" time="4.003"/>
  <system-out/>
  <testcase classname="Edit.SauceDemo.Asignacion6" name="loginordenCompleta" time="3.328"/>
  <system-out/>
  <testcase classname="Edit.SauceDemo.Asignacion6" name="loginordenCompleta" time="3.178"/>
  <system-out/>
  <testcase classname="Edit.SauceDemo.Asignacion6" name="loginordenCompleta" time="4.454"/>
  <system-out/>
  <testcase classname="Edit.SauceDemo.Asignacion6" name="loginordenCompleta" time="3.340"/>
  <system-out/>
</testsuite> <!-- Edit.SauceDemo.Asignacion6 -->
